Analysis & Synthesis report for alu
Mon Jan 03 19:59:23 2022
Quartus Prime Version 17.1.0 Build 590 10/25/2017 SJ Lite Edition


---------------------
; Table of Contents ;
---------------------
  1. Legal Notice
  2. Analysis & Synthesis Summary
  3. Analysis & Synthesis Settings
  4. Parallel Compilation
  5. Analysis & Synthesis Source Files Read
  6. Analysis & Synthesis Resource Usage Summary
  7. Analysis & Synthesis Resource Utilization by Entity
  8. General Register Statistics
  9. Multiplexer Restructuring Statistics (Restructuring Performed)
 10. Parameter Settings for User Entity Instance: Top-level Entity: |alu
 11. Parameter Settings for Inferred Entity Instance: lpm_mult:Mult0
 12. Parameter Settings for Inferred Entity Instance: lpm_divide:Div0
 13. lpm_mult Parameter Settings by Entity Instance
 14. Analysis & Synthesis Messages



----------------
; Legal Notice ;
----------------
Copyright (C) 2017  Intel Corporation. All rights reserved.
Your use of Intel Corporation's design tools, logic functions 
and other software and tools, and its AMPP partner logic 
functions, and any output files from any of the foregoing 
(including device programming or simulation files), and any 
associated documentation or information are expressly subject 
to the terms and conditions of the Intel Program License 
Subscription Agreement, the Intel Quartus Prime License Agreement,
the Intel FPGA IP License Agreement, or other applicable license
agreement, including, without limitation, that your use is for
the sole purpose of programming logic devices manufactured by
Intel and sold by Intel or its authorized distributors.  Please
refer to the applicable agreement for further details.



+---------------------------------------------------------------------------+
; Analysis & Synthesis Summary                                              ;
+-----------------------------+---------------------------------------------+
; Analysis & Synthesis Status ; Successful - Mon Jan 03 19:59:23 2022       ;
; Quartus Prime Version       ; 17.1.0 Build 590 10/25/2017 SJ Lite Edition ;
; Revision Name               ; alu                                         ;
; Top-level Entity Name       ; alu                                         ;
; Family                      ; MAX V                                       ;
; Total logic elements        ; 328                                         ;
; Total pins                  ; 37                                          ;
; Total virtual pins          ; 0                                           ;
; UFM blocks                  ; 0 / 1 ( 0 % )                               ;
+-----------------------------+---------------------------------------------+


+----------------------------------------------------------------------------------------------------------------------+
; Analysis & Synthesis Settings                                                                                        ;
+----------------------------------------------------------------------------+--------------------+--------------------+
; Option                                                                     ; Setting            ; Default Value      ;
+----------------------------------------------------------------------------+--------------------+--------------------+
; Top-level entity name                                                      ; alu                ; alu                ;
; Family name                                                                ; MAX V              ; Cyclone V          ;
; Use smart compilation                                                      ; Off                ; Off                ;
; Enable parallel Assembler and TimeQuest Timing Analyzer during compilation ; On                 ; On                 ;
; Enable compact report table                                                ; Off                ; Off                ;
; Restructure Multiplexers                                                   ; Auto               ; Auto               ;
; Create Debugging Nodes for IP Cores                                        ; Off                ; Off                ;
; Preserve fewer node names                                                  ; On                 ; On                 ;
; Intel FPGA IP Evaluation Mode                                              ; Enable             ; Enable             ;
; Verilog Version                                                            ; Verilog_2001       ; Verilog_2001       ;
; VHDL Version                                                               ; VHDL_1993          ; VHDL_1993          ;
; State Machine Processing                                                   ; Auto               ; Auto               ;
; Safe State Machine                                                         ; Off                ; Off                ;
; Extract Verilog State Machines                                             ; On                 ; On                 ;
; Extract VHDL State Machines                                                ; On                 ; On                 ;
; Ignore Verilog initial constructs                                          ; Off                ; Off                ;
; Iteration limit for constant Verilog loops                                 ; 5000               ; 5000               ;
; Iteration limit for non-constant Verilog loops                             ; 250                ; 250                ;
; Add Pass-Through Logic to Inferred RAMs                                    ; On                 ; On                 ;
; Infer RAMs from Raw Logic                                                  ; On                 ; On                 ;
; Parallel Synthesis                                                         ; On                 ; On                 ;
; NOT Gate Push-Back                                                         ; On                 ; On                 ;
; Power-Up Don't Care                                                        ; On                 ; On                 ;
; Remove Redundant Logic Cells                                               ; Off                ; Off                ;
; Remove Duplicate Registers                                                 ; On                 ; On                 ;
; Ignore CARRY Buffers                                                       ; Off                ; Off                ;
; Ignore CASCADE Buffers                                                     ; Off                ; Off                ;
; Ignore GLOBAL Buffers                                                      ; Off                ; Off                ;
; Ignore ROW GLOBAL Buffers                                                  ; Off                ; Off                ;
; Ignore LCELL Buffers                                                       ; Off                ; Off                ;
; Ignore SOFT Buffers                                                        ; On                 ; On                 ;
; Limit AHDL Integers to 32 Bits                                             ; Off                ; Off                ;
; Optimization Technique                                                     ; Balanced           ; Balanced           ;
; Carry Chain Length                                                         ; 70                 ; 70                 ;
; Auto Carry Chains                                                          ; On                 ; On                 ;
; Auto Open-Drain Pins                                                       ; On                 ; On                 ;
; Perform WYSIWYG Primitive Resynthesis                                      ; Off                ; Off                ;
; Auto Shift Register Replacement                                            ; Auto               ; Auto               ;
; Allow Shift Register Merging across Hierarchies                            ; Auto               ; Auto               ;
; Auto Clock Enable Replacement                                              ; On                 ; On                 ;
; Allow Synchronous Control Signals                                          ; On                 ; On                 ;
; Force Use of Synchronous Clear Signals                                     ; Off                ; Off                ;
; Auto Resource Sharing                                                      ; Off                ; Off                ;
; Use LogicLock Constraints during Resource Balancing                        ; On                 ; On                 ;
; Ignore translate_off and synthesis_off directives                          ; Off                ; Off                ;
; Report Parameter Settings                                                  ; On                 ; On                 ;
; Report Source Assignments                                                  ; On                 ; On                 ;
; Report Connectivity Checks                                                 ; On                 ; On                 ;
; Ignore Maximum Fan-Out Assignments                                         ; Off                ; Off                ;
; Synchronization Register Chain Length                                      ; 2                  ; 2                  ;
; Power Optimization During Synthesis                                        ; Normal compilation ; Normal compilation ;
; HDL message level                                                          ; Level2             ; Level2             ;
; Suppress Register Optimization Related Messages                            ; Off                ; Off                ;
; Number of Removed Registers Reported in Synthesis Report                   ; 5000               ; 5000               ;
; Number of Swept Nodes Reported in Synthesis Report                         ; 5000               ; 5000               ;
; Number of Inverted Registers Reported in Synthesis Report                  ; 100                ; 100                ;
; Clock MUX Protection                                                       ; On                 ; On                 ;
; Block Design Naming                                                        ; Auto               ; Auto               ;
; Synthesis Effort                                                           ; Auto               ; Auto               ;
; Shift Register Replacement - Allow Asynchronous Clear Signal               ; On                 ; On                 ;
; Analysis & Synthesis Message Level                                         ; Medium             ; Medium             ;
; Disable Register Merging Across Hierarchies                                ; Auto               ; Auto               ;
+----------------------------------------------------------------------------+--------------------+--------------------+


+------------------------------------------+
; Parallel Compilation                     ;
+----------------------------+-------------+
; Processors                 ; Number      ;
+----------------------------+-------------+
; Number detected on machine ; 4           ;
; Maximum allowed            ; 2           ;
;                            ;             ;
; Average used               ; 1.00        ;
; Maximum used               ; 1           ;
;                            ;             ;
; Usage by Processor         ; % Time Used ;
;     Processor 1            ; 100.0%      ;
+----------------------------+-------------+


+--------------------------------------------------------------------------------------------------------------------------------------------------------------------------------------------------------+
; Analysis & Synthesis Source Files Read                                                                                                                                                                 ;
+----------------------------------+-----------------+------------------------------+----------------------------------------------------------------------------------------------------------+---------+
; File Name with User-Entered Path ; Used in Netlist ; File Type                    ; File Name with Absolute Path                                                                             ; Library ;
+----------------------------------+-----------------+------------------------------+----------------------------------------------------------------------------------------------------------+---------+
; ../rtl/alu.v                     ; yes             ; User Verilog HDL File        ; C:/Users/User/OneDrive/Desktop/Verilog_Lab/BRN19/Verilog_labs/lab2/rtl/alu.v                             ;         ;
; lpm_mult.tdf                     ; yes             ; Megafunction                 ; c:/intelfpga_lite/17.1/quartus/libraries/megafunctions/lpm_mult.tdf                                      ;         ;
; aglobal171.inc                   ; yes             ; Megafunction                 ; c:/intelfpga_lite/17.1/quartus/libraries/megafunctions/aglobal171.inc                                    ;         ;
; lpm_add_sub.inc                  ; yes             ; Megafunction                 ; c:/intelfpga_lite/17.1/quartus/libraries/megafunctions/lpm_add_sub.inc                                   ;         ;
; multcore.inc                     ; yes             ; Megafunction                 ; c:/intelfpga_lite/17.1/quartus/libraries/megafunctions/multcore.inc                                      ;         ;
; bypassff.inc                     ; yes             ; Megafunction                 ; c:/intelfpga_lite/17.1/quartus/libraries/megafunctions/bypassff.inc                                      ;         ;
; altshift.inc                     ; yes             ; Megafunction                 ; c:/intelfpga_lite/17.1/quartus/libraries/megafunctions/altshift.inc                                      ;         ;
; db/mult_lls.tdf                  ; yes             ; Auto-Generated Megafunction  ; C:/Users/User/OneDrive/Desktop/Verilog_Lab/BRN19/Verilog_labs/lab2/synthsesis/db/mult_lls.tdf            ;         ;
; lpm_divide.tdf                   ; yes             ; Megafunction                 ; c:/intelfpga_lite/17.1/quartus/libraries/megafunctions/lpm_divide.tdf                                    ;         ;
; abs_divider.inc                  ; yes             ; Megafunction                 ; c:/intelfpga_lite/17.1/quartus/libraries/megafunctions/abs_divider.inc                                   ;         ;
; sign_div_unsign.inc              ; yes             ; Megafunction                 ; c:/intelfpga_lite/17.1/quartus/libraries/megafunctions/sign_div_unsign.inc                               ;         ;
; db/lpm_divide_2tl.tdf            ; yes             ; Auto-Generated Megafunction  ; C:/Users/User/OneDrive/Desktop/Verilog_Lab/BRN19/Verilog_labs/lab2/synthsesis/db/lpm_divide_2tl.tdf      ;         ;
; db/sign_div_unsign_fkh.tdf       ; yes             ; Auto-Generated Megafunction  ; C:/Users/User/OneDrive/Desktop/Verilog_Lab/BRN19/Verilog_labs/lab2/synthsesis/db/sign_div_unsign_fkh.tdf ;         ;
; db/alt_u_div_tfe.tdf             ; yes             ; Auto-Generated Megafunction  ; C:/Users/User/OneDrive/Desktop/Verilog_Lab/BRN19/Verilog_labs/lab2/synthsesis/db/alt_u_div_tfe.tdf       ;         ;
; db/add_sub_i4c.tdf               ; yes             ; Auto-Generated Megafunction  ; C:/Users/User/OneDrive/Desktop/Verilog_Lab/BRN19/Verilog_labs/lab2/synthsesis/db/add_sub_i4c.tdf         ;         ;
; db/add_sub_j4c.tdf               ; yes             ; Auto-Generated Megafunction  ; C:/Users/User/OneDrive/Desktop/Verilog_Lab/BRN19/Verilog_labs/lab2/synthsesis/db/add_sub_j4c.tdf         ;         ;
; db/add_sub_k4c.tdf               ; yes             ; Auto-Generated Megafunction  ; C:/Users/User/OneDrive/Desktop/Verilog_Lab/BRN19/Verilog_labs/lab2/synthsesis/db/add_sub_k4c.tdf         ;         ;
; db/add_sub_l4c.tdf               ; yes             ; Auto-Generated Megafunction  ; C:/Users/User/OneDrive/Desktop/Verilog_Lab/BRN19/Verilog_labs/lab2/synthsesis/db/add_sub_l4c.tdf         ;         ;
; db/add_sub_m4c.tdf               ; yes             ; Auto-Generated Megafunction  ; C:/Users/User/OneDrive/Desktop/Verilog_Lab/BRN19/Verilog_labs/lab2/synthsesis/db/add_sub_m4c.tdf         ;         ;
; db/add_sub_n4c.tdf               ; yes             ; Auto-Generated Megafunction  ; C:/Users/User/OneDrive/Desktop/Verilog_Lab/BRN19/Verilog_labs/lab2/synthsesis/db/add_sub_n4c.tdf         ;         ;
; db/add_sub_o4c.tdf               ; yes             ; Auto-Generated Megafunction  ; C:/Users/User/OneDrive/Desktop/Verilog_Lab/BRN19/Verilog_labs/lab2/synthsesis/db/add_sub_o4c.tdf         ;         ;
; db/add_sub_p4c.tdf               ; yes             ; Auto-Generated Megafunction  ; C:/Users/User/OneDrive/Desktop/Verilog_Lab/BRN19/Verilog_labs/lab2/synthsesis/db/add_sub_p4c.tdf         ;         ;
+----------------------------------+-----------------+------------------------------+----------------------------------------------------------------------------------------------------------+---------+


+-------------------------------------------------------------+
; Analysis & Synthesis Resource Usage Summary                 ;
+---------------------------------------------+---------------+
; Resource                                    ; Usage         ;
+---------------------------------------------+---------------+
; Total logic elements                        ; 328           ;
;     -- Combinational with no register       ; 328           ;
;     -- Register only                        ; 0             ;
;     -- Combinational with a register        ; 0             ;
;                                             ;               ;
; Logic element usage by number of LUT inputs ;               ;
;     -- 4 input functions                    ; 120           ;
;     -- 3 input functions                    ; 122           ;
;     -- 2 input functions                    ; 52            ;
;     -- 1 input functions                    ; 32            ;
;     -- 0 input functions                    ; 2             ;
;                                             ;               ;
; Logic elements by mode                      ;               ;
;     -- normal mode                          ; 206           ;
;     -- arithmetic mode                      ; 122           ;
;     -- qfbk mode                            ; 0             ;
;     -- register cascade mode                ; 0             ;
;     -- synchronous clear/load mode          ; 0             ;
;     -- asynchronous clear/load mode         ; 0             ;
;                                             ;               ;
; Total registers                             ; 0             ;
; Total logic cells in carry chains           ; 144           ;
; I/O pins                                    ; 37            ;
; Maximum fan-out node                        ; command_in[1] ;
; Maximum fan-out                             ; 42            ;
; Total fan-out                               ; 1014          ;
; Average fan-out                             ; 2.78          ;
+---------------------------------------------+---------------+


+---------------------------------------------------------------------------------------------------------------------------------------------------------------------------------------------------------------------------------------------------------------------------------------------------------------------------------------------------------------+
; Analysis & Synthesis Resource Utilization by Entity                                                                                                                                                                                                                                                                                                           ;
+----------------------------------------+-------------+--------------+------------+------+--------------+--------------+-------------------+------------------+-----------------+------------+----------------------------------------------------------------------------------------------------------------------------+---------------------+--------------+
; Compilation Hierarchy Node             ; Logic Cells ; LC Registers ; UFM Blocks ; Pins ; Virtual Pins ; LUT-Only LCs ; Register-Only LCs ; LUT/Register LCs ; Carry Chain LCs ; Packed LCs ; Full Hierarchy Name                                                                                                        ; Entity Name         ; Library Name ;
+----------------------------------------+-------------+--------------+------------+------+--------------+--------------+-------------------+------------------+-----------------+------------+----------------------------------------------------------------------------------------------------------------------------+---------------------+--------------+
; |alu                                   ; 328 (135)   ; 0            ; 0          ; 37   ; 0            ; 328 (135)    ; 0 (0)             ; 0 (0)            ; 144 (36)        ; 0 (0)      ; |alu                                                                                                                       ; alu                 ; work         ;
;    |lpm_divide:Div0|                   ; 87 (0)      ; 0            ; 0          ; 0    ; 0            ; 87 (0)       ; 0 (0)             ; 0 (0)            ; 51 (0)          ; 0 (0)      ; |alu|lpm_divide:Div0                                                                                                       ; lpm_divide          ; work         ;
;       |lpm_divide_2tl:auto_generated|  ; 87 (0)      ; 0            ; 0          ; 0    ; 0            ; 87 (0)       ; 0 (0)             ; 0 (0)            ; 51 (0)          ; 0 (0)      ; |alu|lpm_divide:Div0|lpm_divide_2tl:auto_generated                                                                         ; lpm_divide_2tl      ; work         ;
;          |sign_div_unsign_fkh:divider| ; 87 (0)      ; 0            ; 0          ; 0    ; 0            ; 87 (0)       ; 0 (0)             ; 0 (0)            ; 51 (0)          ; 0 (0)      ; |alu|lpm_divide:Div0|lpm_divide_2tl:auto_generated|sign_div_unsign_fkh:divider                                             ; sign_div_unsign_fkh ; work         ;
;             |alt_u_div_tfe:divider|    ; 87 (36)     ; 0            ; 0          ; 0    ; 0            ; 87 (36)      ; 0 (0)             ; 0 (0)            ; 51 (0)          ; 0 (0)      ; |alu|lpm_divide:Div0|lpm_divide_2tl:auto_generated|sign_div_unsign_fkh:divider|alt_u_div_tfe:divider                       ; alt_u_div_tfe       ; work         ;
;                |add_sub_k4c:add_sub_2| ; 6 (6)       ; 0            ; 0          ; 0    ; 0            ; 6 (6)        ; 0 (0)             ; 0 (0)            ; 6 (6)           ; 0 (0)      ; |alu|lpm_divide:Div0|lpm_divide_2tl:auto_generated|sign_div_unsign_fkh:divider|alt_u_div_tfe:divider|add_sub_k4c:add_sub_2 ; add_sub_k4c         ; work         ;
;                |add_sub_l4c:add_sub_3| ; 7 (7)       ; 0            ; 0          ; 0    ; 0            ; 7 (7)        ; 0 (0)             ; 0 (0)            ; 7 (7)           ; 0 (0)      ; |alu|lpm_divide:Div0|lpm_divide_2tl:auto_generated|sign_div_unsign_fkh:divider|alt_u_div_tfe:divider|add_sub_l4c:add_sub_3 ; add_sub_l4c         ; work         ;
;                |add_sub_m4c:add_sub_4| ; 8 (8)       ; 0            ; 0          ; 0    ; 0            ; 8 (8)        ; 0 (0)             ; 0 (0)            ; 8 (8)           ; 0 (0)      ; |alu|lpm_divide:Div0|lpm_divide_2tl:auto_generated|sign_div_unsign_fkh:divider|alt_u_div_tfe:divider|add_sub_m4c:add_sub_4 ; add_sub_m4c         ; work         ;
;                |add_sub_n4c:add_sub_5| ; 9 (9)       ; 0            ; 0          ; 0    ; 0            ; 9 (9)        ; 0 (0)             ; 0 (0)            ; 9 (9)           ; 0 (0)      ; |alu|lpm_divide:Div0|lpm_divide_2tl:auto_generated|sign_div_unsign_fkh:divider|alt_u_div_tfe:divider|add_sub_n4c:add_sub_5 ; add_sub_n4c         ; work         ;
;                |add_sub_o4c:add_sub_6| ; 10 (10)     ; 0            ; 0          ; 0    ; 0            ; 10 (10)      ; 0 (0)             ; 0 (0)            ; 10 (10)         ; 0 (0)      ; |alu|lpm_divide:Div0|lpm_divide_2tl:auto_generated|sign_div_unsign_fkh:divider|alt_u_div_tfe:divider|add_sub_o4c:add_sub_6 ; add_sub_o4c         ; work         ;
;                |add_sub_p4c:add_sub_7| ; 11 (11)     ; 0            ; 0          ; 0    ; 0            ; 11 (11)      ; 0 (0)             ; 0 (0)            ; 11 (11)         ; 0 (0)      ; |alu|lpm_divide:Div0|lpm_divide_2tl:auto_generated|sign_div_unsign_fkh:divider|alt_u_div_tfe:divider|add_sub_p4c:add_sub_7 ; add_sub_p4c         ; work         ;
;    |lpm_mult:Mult0|                    ; 106 (0)     ; 0            ; 0          ; 0    ; 0            ; 106 (0)      ; 0 (0)             ; 0 (0)            ; 57 (0)          ; 0 (0)      ; |alu|lpm_mult:Mult0                                                                                                        ; lpm_mult            ; work         ;
;       |mult_lls:auto_generated|        ; 106 (106)   ; 0            ; 0          ; 0    ; 0            ; 106 (106)    ; 0 (0)             ; 0 (0)            ; 57 (57)         ; 0 (0)      ; |alu|lpm_mult:Mult0|mult_lls:auto_generated                                                                                ; mult_lls            ; work         ;
+----------------------------------------+-------------+--------------+------------+------+--------------+--------------+-------------------+------------------+-----------------+------------+----------------------------------------------------------------------------------------------------------------------------+---------------------+--------------+
Note: For table entries with two numbers listed, the numbers in parentheses indicate the number of resources of the given type used by the specific entity alone. The numbers listed outside of parentheses indicate the total resources of the given type used by the specific entity and all of its sub-entities in the hierarchy.


+------------------------------------------------------+
; General Register Statistics                          ;
+----------------------------------------------+-------+
; Statistic                                    ; Value ;
+----------------------------------------------+-------+
; Total registers                              ; 0     ;
; Number of registers using Synchronous Clear  ; 0     ;
; Number of registers using Synchronous Load   ; 0     ;
; Number of registers using Asynchronous Clear ; 0     ;
; Number of registers using Asynchronous Load  ; 0     ;
; Number of registers using Clock Enable       ; 0     ;
; Number of registers using Preset             ; 0     ;
+----------------------------------------------+-------+


+------------------------------------------------------------------------------------------------------------------------------------------+
; Multiplexer Restructuring Statistics (Restructuring Performed)                                                                           ;
+--------------------+-----------+---------------+----------------------+------------------------+------------+----------------------------+
; Multiplexer Inputs ; Bus Width ; Baseline Area ; Area if Restructured ; Saving if Restructured ; Registered ; Example Multiplexer Output ;
+--------------------+-----------+---------------+----------------------+------------------------+------------+----------------------------+
; 5:1                ; 7 bits    ; 21 LEs        ; 14 LEs               ; 7 LEs                  ; No         ; |alu|Mux0                  ;
; 15:1               ; 6 bits    ; 60 LEs        ; 48 LEs               ; 12 LEs                 ; No         ; |alu|Mux13                 ;
+--------------------+-----------+---------------+----------------------+------------------------+------------+----------------------------+


+---------------------------------------------------------------------+
; Parameter Settings for User Entity Instance: Top-level Entity: |alu ;
+----------------+-------+--------------------------------------------+
; Parameter Name ; Value ; Type                                       ;
+----------------+-------+--------------------------------------------+
; ADD            ; 0000  ; Unsigned Binary                            ;
; INC            ; 0001  ; Unsigned Binary                            ;
; SUB            ; 0010  ; Unsigned Binary                            ;
; DEC            ; 0011  ; Unsigned Binary                            ;
; MUL            ; 0100  ; Unsigned Binary                            ;
; DIV            ; 0101  ; Unsigned Binary                            ;
; SHL            ; 0110  ; Unsigned Binary                            ;
; SHR            ; 0111  ; Unsigned Binary                            ;
; AND            ; 1000  ; Unsigned Binary                            ;
; OR             ; 1001  ; Unsigned Binary                            ;
; INV            ; 1010  ; Unsigned Binary                            ;
; NAND           ; 1011  ; Unsigned Binary                            ;
; NOR            ; 1100  ; Unsigned Binary                            ;
; XOR            ; 1101  ; Unsigned Binary                            ;
; XNOR           ; 1110  ; Unsigned Binary                            ;
; BUF            ; 1111  ; Unsigned Binary                            ;
+----------------+-------+--------------------------------------------+
Note: In order to hide this table in the UI and the text report file, please set the "Show Parameter Settings in Synthesis Report" option in "Analysis and Synthesis Settings -> More Settings" to "Off".


+---------------------------------------------------------------------------------+
; Parameter Settings for Inferred Entity Instance: lpm_mult:Mult0                 ;
+------------------------------------------------+----------+---------------------+
; Parameter Name                                 ; Value    ; Type                ;
+------------------------------------------------+----------+---------------------+
; AUTO_CARRY_CHAINS                              ; ON       ; AUTO_CARRY          ;
; IGNORE_CARRY_BUFFERS                           ; OFF      ; IGNORE_CARRY        ;
; AUTO_CASCADE_CHAINS                            ; ON       ; AUTO_CASCADE        ;
; IGNORE_CASCADE_BUFFERS                         ; OFF      ; IGNORE_CASCADE      ;
; LPM_WIDTHA                                     ; 8        ; Untyped             ;
; LPM_WIDTHB                                     ; 8        ; Untyped             ;
; LPM_WIDTHP                                     ; 16       ; Untyped             ;
; LPM_WIDTHR                                     ; 16       ; Untyped             ;
; LPM_WIDTHS                                     ; 1        ; Untyped             ;
; LPM_REPRESENTATION                             ; UNSIGNED ; Untyped             ;
; LPM_PIPELINE                                   ; 0        ; Untyped             ;
; LATENCY                                        ; 0        ; Untyped             ;
; INPUT_A_IS_CONSTANT                            ; NO       ; Untyped             ;
; INPUT_B_IS_CONSTANT                            ; NO       ; Untyped             ;
; USE_EAB                                        ; OFF      ; Untyped             ;
; MAXIMIZE_SPEED                                 ; 5        ; Untyped             ;
; DEVICE_FAMILY                                  ; MAX V    ; Untyped             ;
; CARRY_CHAIN                                    ; MANUAL   ; Untyped             ;
; APEX20K_TECHNOLOGY_MAPPER                      ; LUT      ; TECH_MAPPER_APEX20K ;
; DEDICATED_MULTIPLIER_CIRCUITRY                 ; AUTO     ; Untyped             ;
; DEDICATED_MULTIPLIER_MIN_INPUT_WIDTH_FOR_AUTO  ; 0        ; Untyped             ;
; DEDICATED_MULTIPLIER_MIN_OUTPUT_WIDTH_FOR_AUTO ; 0        ; Untyped             ;
; CBXI_PARAMETER                                 ; mult_lls ; Untyped             ;
; INPUT_A_FIXED_VALUE                            ; Bx       ; Untyped             ;
; INPUT_B_FIXED_VALUE                            ; Bx       ; Untyped             ;
; USE_AHDL_IMPLEMENTATION                        ; OFF      ; Untyped             ;
+------------------------------------------------+----------+---------------------+
Note: In order to hide this table in the UI and the text report file, please set the "Show Parameter Settings in Synthesis Report" option in "Analysis and Synthesis Settings -> More Settings" to "Off".


+------------------------------------------------------------------+
; Parameter Settings for Inferred Entity Instance: lpm_divide:Div0 ;
+------------------------+----------------+------------------------+
; Parameter Name         ; Value          ; Type                   ;
+------------------------+----------------+------------------------+
; LPM_WIDTHN             ; 8              ; Untyped                ;
; LPM_WIDTHD             ; 8              ; Untyped                ;
; LPM_NREPRESENTATION    ; UNSIGNED       ; Untyped                ;
; LPM_DREPRESENTATION    ; UNSIGNED       ; Untyped                ;
; LPM_PIPELINE           ; 0              ; Untyped                ;
; LPM_REMAINDERPOSITIVE  ; TRUE           ; Untyped                ;
; MAXIMIZE_SPEED         ; 5              ; Untyped                ;
; CBXI_PARAMETER         ; lpm_divide_2tl ; Untyped                ;
; CARRY_CHAIN            ; MANUAL         ; Untyped                ;
; OPTIMIZE_FOR_SPEED     ; 5              ; Untyped                ;
; AUTO_CARRY_CHAINS      ; ON             ; AUTO_CARRY             ;
; IGNORE_CARRY_BUFFERS   ; OFF            ; IGNORE_CARRY           ;
; AUTO_CASCADE_CHAINS    ; ON             ; AUTO_CASCADE           ;
; IGNORE_CASCADE_BUFFERS ; OFF            ; IGNORE_CASCADE         ;
+------------------------+----------------+------------------------+
Note: In order to hide this table in the UI and the text report file, please set the "Show Parameter Settings in Synthesis Report" option in "Analysis and Synthesis Settings -> More Settings" to "Off".


+--------------------------------------------------------+
; lpm_mult Parameter Settings by Entity Instance         ;
+---------------------------------------+----------------+
; Name                                  ; Value          ;
+---------------------------------------+----------------+
; Number of entity instances            ; 1              ;
; Entity Instance                       ; lpm_mult:Mult0 ;
;     -- LPM_WIDTHA                     ; 8              ;
;     -- LPM_WIDTHB                     ; 8              ;
;     -- LPM_WIDTHP                     ; 16             ;
;     -- LPM_REPRESENTATION             ; UNSIGNED       ;
;     -- INPUT_A_IS_CONSTANT            ; NO             ;
;     -- INPUT_B_IS_CONSTANT            ; NO             ;
;     -- USE_EAB                        ; OFF            ;
;     -- DEDICATED_MULTIPLIER_CIRCUITRY ; AUTO           ;
;     -- INPUT_A_FIXED_VALUE            ; Bx             ;
;     -- INPUT_B_FIXED_VALUE            ; Bx             ;
+---------------------------------------+----------------+


+-------------------------------+
; Analysis & Synthesis Messages ;
+-------------------------------+
Info: *******************************************************************
Info: Running Quartus Prime Analysis & Synthesis
    Info: Version 17.1.0 Build 590 10/25/2017 SJ Lite Edition
    Info: Processing started: Mon Jan 03 19:59:05 2022
Info: Command: quartus_map --read_settings_files=on --write_settings_files=off alu -c alu
Warning (18236): Number of processors has not been specified which may cause overloading on shared machines.  Set the global assignment NUM_PARALLEL_PROCESSORS in your QSF to an appropriate value for best performance.
Info (20030): Parallel compilation is enabled and will use 2 of the 2 processors detected
Info (12021): Found 1 design units, including 1 entities, in source file /users/user/onedrive/desktop/verilog_lab/brn19/verilog_labs/lab2/rtl/alu.v
    Info (12023): Found entity 1: alu File: C:/Users/User/OneDrive/Desktop/Verilog_Lab/BRN19/Verilog_labs/lab2/rtl/alu.v Line: 24
Info (12127): Elaborating entity "alu" for the top level hierarchy
Info (278001): Inferred 2 megafunctions from design logic
    Info (278003): Inferred multiplier megafunction ("lpm_mult") from the following logic: "Mult0" File: C:/Users/User/OneDrive/Desktop/Verilog_Lab/BRN19/Verilog_labs/lab2/rtl/alu.v Line: 59
    Info (278004): Inferred divider/modulo megafunction ("lpm_divide") from the following logic: "Div0" File: C:/Users/User/OneDrive/Desktop/Verilog_Lab/BRN19/Verilog_labs/lab2/rtl/alu.v Line: 60
Info (12130): Elaborated megafunction instantiation "lpm_mult:Mult0" File: C:/Users/User/OneDrive/Desktop/Verilog_Lab/BRN19/Verilog_labs/lab2/rtl/alu.v Line: 59
Info (12133): Instantiated megafunction "lpm_mult:Mult0" with the following parameter: File: C:/Users/User/OneDrive/Desktop/Verilog_Lab/BRN19/Verilog_labs/lab2/rtl/alu.v Line: 59
    Info (12134): Parameter "LPM_WIDTHA" = "8"
    Info (12134): Parameter "LPM_WIDTHB" = "8"
    Info (12134): Parameter "LPM_WIDTHP" = "16"
    Info (12134): Parameter "LPM_WIDTHR" = "16"
    Info (12134): Parameter "LPM_WIDTHS" = "1"
    Info (12134): Parameter "LPM_REPRESENTATION" = "UNSIGNED"
    Info (12134): Parameter "INPUT_A_IS_CONSTANT" = "NO"
    Info (12134): Parameter "INPUT_B_IS_CONSTANT" = "NO"
    Info (12134): Parameter "MAXIMIZE_SPEED" = "5"
Info (12021): Found 1 design units, including 1 entities, in source file db/mult_lls.tdf
    Info (12023): Found entity 1: mult_lls File: C:/Users/User/OneDrive/Desktop/Verilog_Lab/BRN19/Verilog_labs/lab2/synthsesis/db/mult_lls.tdf Line: 28
Info (12130): Elaborated megafunction instantiation "lpm_divide:Div0" File: C:/Users/User/OneDrive/Desktop/Verilog_Lab/BRN19/Verilog_labs/lab2/rtl/alu.v Line: 60
Info (12133): Instantiated megafunction "lpm_divide:Div0" with the following parameter: File: C:/Users/User/OneDrive/Desktop/Verilog_Lab/BRN19/Verilog_labs/lab2/rtl/alu.v Line: 60
    Info (12134): Parameter "LPM_WIDTHN" = "8"
    Info (12134): Parameter "LPM_WIDTHD" = "8"
    Info (12134): Parameter "LPM_NREPRESENTATION" = "UNSIGNED"
    Info (12134): Parameter "LPM_DREPRESENTATION" = "UNSIGNED"
Info (12021): Found 1 design units, including 1 entities, in source file db/lpm_divide_2tl.tdf
    Info (12023): Found entity 1: lpm_divide_2tl File: C:/Users/User/OneDrive/Desktop/Verilog_Lab/BRN19/Verilog_labs/lab2/synthsesis/db/lpm_divide_2tl.tdf Line: 24
Info (12021): Found 1 design units, including 1 entities, in source file db/sign_div_unsign_fkh.tdf
    Info (12023): Found entity 1: sign_div_unsign_fkh File: C:/Users/User/OneDrive/Desktop/Verilog_Lab/BRN19/Verilog_labs/lab2/synthsesis/db/sign_div_unsign_fkh.tdf Line: 24
Info (12021): Found 1 design units, including 1 entities, in source file db/alt_u_div_tfe.tdf
    Info (12023): Found entity 1: alt_u_div_tfe File: C:/Users/User/OneDrive/Desktop/Verilog_Lab/BRN19/Verilog_labs/lab2/synthsesis/db/alt_u_div_tfe.tdf Line: 38
Info (12021): Found 1 design units, including 1 entities, in source file db/add_sub_i4c.tdf
    Info (12023): Found entity 1: add_sub_i4c File: C:/Users/User/OneDrive/Desktop/Verilog_Lab/BRN19/Verilog_labs/lab2/synthsesis/db/add_sub_i4c.tdf Line: 22
Info (12021): Found 1 design units, including 1 entities, in source file db/add_sub_j4c.tdf
    Info (12023): Found entity 1: add_sub_j4c File: C:/Users/User/OneDrive/Desktop/Verilog_Lab/BRN19/Verilog_labs/lab2/synthsesis/db/add_sub_j4c.tdf Line: 22
Info (12021): Found 1 design units, including 1 entities, in source file db/add_sub_k4c.tdf
    Info (12023): Found entity 1: add_sub_k4c File: C:/Users/User/OneDrive/Desktop/Verilog_Lab/BRN19/Verilog_labs/lab2/synthsesis/db/add_sub_k4c.tdf Line: 24
Info (12021): Found 1 design units, including 1 entities, in source file db/add_sub_l4c.tdf
    Info (12023): Found entity 1: add_sub_l4c File: C:/Users/User/OneDrive/Desktop/Verilog_Lab/BRN19/Verilog_labs/lab2/synthsesis/db/add_sub_l4c.tdf Line: 24
Info (12021): Found 1 design units, including 1 entities, in source file db/add_sub_m4c.tdf
    Info (12023): Found entity 1: add_sub_m4c File: C:/Users/User/OneDrive/Desktop/Verilog_Lab/BRN19/Verilog_labs/lab2/synthsesis/db/add_sub_m4c.tdf Line: 24
Info (12021): Found 1 design units, including 1 entities, in source file db/add_sub_n4c.tdf
    Info (12023): Found entity 1: add_sub_n4c File: C:/Users/User/OneDrive/Desktop/Verilog_Lab/BRN19/Verilog_labs/lab2/synthsesis/db/add_sub_n4c.tdf Line: 24
Info (12021): Found 1 design units, including 1 entities, in source file db/add_sub_o4c.tdf
    Info (12023): Found entity 1: add_sub_o4c File: C:/Users/User/OneDrive/Desktop/Verilog_Lab/BRN19/Verilog_labs/lab2/synthsesis/db/add_sub_o4c.tdf Line: 24
Info (12021): Found 1 design units, including 1 entities, in source file db/add_sub_p4c.tdf
    Info (12023): Found entity 1: add_sub_p4c File: C:/Users/User/OneDrive/Desktop/Verilog_Lab/BRN19/Verilog_labs/lab2/synthsesis/db/add_sub_p4c.tdf Line: 24
Info (13014): Ignored 140 buffer(s)
    Info (13019): Ignored 140 SOFT buffer(s)
Info (17016): Found the following redundant logic cells in design
    Info (17048): Logic cell "lpm_mult:Mult0|mult_lls:auto_generated|le3a[9]" File: C:/Users/User/OneDrive/Desktop/Verilog_Lab/BRN19/Verilog_labs/lab2/synthsesis/db/mult_lls.tdf Line: 42
    Info (17048): Logic cell "lpm_mult:Mult0|mult_lls:auto_generated|le5a[9]" File: C:/Users/User/OneDrive/Desktop/Verilog_Lab/BRN19/Verilog_labs/lab2/synthsesis/db/mult_lls.tdf Line: 44
    Info (17048): Logic cell "lpm_mult:Mult0|mult_lls:auto_generated|le6a[9]" File: C:/Users/User/OneDrive/Desktop/Verilog_Lab/BRN19/Verilog_labs/lab2/synthsesis/db/mult_lls.tdf Line: 45
    Info (17048): Logic cell "lpm_mult:Mult0|mult_lls:auto_generated|le7a[8]" File: C:/Users/User/OneDrive/Desktop/Verilog_Lab/BRN19/Verilog_labs/lab2/synthsesis/db/mult_lls.tdf Line: 46
    Info (17048): Logic cell "lpm_mult:Mult0|mult_lls:auto_generated|le4a[9]" File: C:/Users/User/OneDrive/Desktop/Verilog_Lab/BRN19/Verilog_labs/lab2/synthsesis/db/mult_lls.tdf Line: 43
Info (21057): Implemented 365 device resources after synthesis - the final resource count might be different
    Info (21058): Implemented 21 input pins
    Info (21059): Implemented 16 output pins
    Info (21061): Implemented 328 logic cells
Info: Quartus Prime Analysis & Synthesis was successful. 0 errors, 1 warning
    Info: Peak virtual memory: 4714 megabytes
    Info: Processing ended: Mon Jan 03 19:59:24 2022
    Info: Elapsed time: 00:00:19
    Info: Total CPU time (on all processors): 00:00:34


