Release 14.2 Map P.28xd (nt64)
Xilinx Mapping Report File for Design 'full_adder'

Design Information
------------------
Command Line   : map -intstyle ise -p xc3s200a-vq100-5 -cm area -ir off -pr off
-c 100 -o full_adder_map.ncd full_adder.ngd full_adder.pcf 
Target Device  : xc3s200a
Target Package : vq100
Target Speed   : -5
Mapper Version : spartan3a -- $Revision: 1.55 $
Mapped Date    : Tue Dec 28 18:37:04 2021

Design Summary
--------------
Number of errors   :   1
Number of warnings :   0

Section 1 - Errors
------------------
ERROR:Security:9c - No 'ISE' nor 'WebPack' feature version 2012.07 was available
for part 'xc3s200a'.
ERROR:Map:258 - A problem was encountered attempting to get the license for this
   architecture. 

Section 2 - Warnings
--------------------
WARNING:Security:43 - No license file was found in the standard Xilinx license
directory.
WARNING:Security:44 - Since no license file was found,

Section 3 - Informational
-------------------------
INFO:Security:51 - The XILINXD_LICENSE_FILE environment variable is not set.
INFO:Security:53 - The LM_LICENSE_FILE environment variable is not set.
INFO:Security:54 - 'xc3s200a' is a WebPack part.
INFO:Security:68a - user is User, on host LAPTOP-6PTOO47Q.
